Determining if the pthread_create exist failed with the following output:
Change Dir: /home/pi/catkinws/build_isolated/hector_slam_launch/CMakeFiles/CMakeTmp

Run Build Command:"/usr/bin/make" "cmTC_0a71d/fast"
/usr/bin/make -f CMakeFiles/cmTC_0a71d.dir/build.make CMakeFiles/cmTC_0a71d.dir/build
make[1]: Entering directory '/home/pi/catkinws/build_isolated/hector_slam_launch/CMakeFiles/CMakeTmp'
Building C object CMakeFiles/cmTC_0a71d.dir/CheckSymbolExists.c.o
/usr/bin/cc     -o CMakeFiles/cmTC_0a71d.dir/CheckSymbolExists.c.o   -c /home/pi/catkinws/build_isolated/hector_slam_launch/CMakeFiles/CMakeTmp/CheckSymbolExists.c
Linking C executable cmTC_0a71d
/usr/bin/cmake -E cmake_link_script CMakeFiles/cmTC_0a71d.dir/link.txt --verbose=1
/usr/bin/cc       CMakeFiles/cmTC_0a71d.dir/CheckSymbolExists.c.o  -o cmTC_0a71d -rdynamic 
CMakeFiles/cmTC_0a71d.dir/CheckSymbolExists.c.o: In function `main':
CheckSymbolExists.c:(.text+0x38): undefined reference to `pthread_create'
collect2: error: ld returned 1 exit status
CMakeFiles/cmTC_0a71d.dir/build.make:97: recipe for target 'cmTC_0a71d' failed
make[1]: *** [cmTC_0a71d] Error 1
make[1]: Leaving directory '/home/pi/catkinws/build_isolated/hector_slam_launch/CMakeFiles/CMakeTmp'
Makefile:126: recipe for target 'cmTC_0a71d/fast' failed
make: *** [cmTC_0a71d/fast] Error 2

File /home/pi/catkinws/build_isolated/hector_slam_launch/CMakeFiles/CMakeTmp/CheckSymbolExists.c:
/* */
#include <pthread.h>

int main(int argc, char** argv)
{
  (void)argv;
#ifndef pthread_create
  return ((int*)(&pthread_create))[argc];
#else
  (void)argc;
  return 0;
#endif
}

Determining if the function pthread_create exists in the pthreads failed with the following output:
Change Dir: /home/pi/catkinws/build_isolated/hector_slam_launch/CMakeFiles/CMakeTmp

Run Build Command:"/usr/bin/make" "cmTC_53e90/fast"
/usr/bin/make -f CMakeFiles/cmTC_53e90.dir/build.make CMakeFiles/cmTC_53e90.dir/build
make[1]: Entering directory '/home/pi/catkinws/build_isolated/hector_slam_launch/CMakeFiles/CMakeTmp'
Building C object CMakeFiles/cmTC_53e90.dir/CheckFunctionExists.c.o
/usr/bin/cc    -DCHECK_FUNCTION_EXISTS=pthread_create   -o CMakeFiles/cmTC_53e90.dir/CheckFunctionExists.c.o   -c /usr/share/cmake-3.6/Modules/CheckFunctionExists.c
Linking C executable cmTC_53e90
/usr/bin/cmake -E cmake_link_script CMakeFiles/cmTC_53e90.dir/link.txt --verbose=1
/usr/bin/cc   -DCHECK_FUNCTION_EXISTS=pthread_create    CMakeFiles/cmTC_53e90.dir/CheckFunctionExists.c.o  -o cmTC_53e90 -rdynamic -lpthreads 
/usr/bin/ld: cannot find -lpthreads
collect2: error: ld returned 1 exit status
CMakeFiles/cmTC_53e90.dir/build.make:97: recipe for target 'cmTC_53e90' failed
make[1]: *** [cmTC_53e90] Error 1
make[1]: Leaving directory '/home/pi/catkinws/build_isolated/hector_slam_launch/CMakeFiles/CMakeTmp'
Makefile:126: recipe for target 'cmTC_53e90/fast' failed
make: *** [cmTC_53e90/fast] Error 2


