Determining if the pthread_create exist failed with the following output:
Change Dir: /home/pi/catkinws/build_isolated/orocos_kinematics_dynamics/CMakeFiles/CMakeTmp

Run Build Command:"/usr/bin/make" "cmTC_0df58/fast"
/usr/bin/make -f CMakeFiles/cmTC_0df58.dir/build.make CMakeFiles/cmTC_0df58.dir/build
make[1]: Entering directory '/home/pi/catkinws/build_isolated/orocos_kinematics_dynamics/CMakeFiles/CMakeTmp'
Building C object CMakeFiles/cmTC_0df58.dir/CheckSymbolExists.c.o
/usr/bin/cc     -o CMakeFiles/cmTC_0df58.dir/CheckSymbolExists.c.o   -c /home/pi/catkinws/build_isolated/orocos_kinematics_dynamics/CMakeFiles/CMakeTmp/CheckSymbolExists.c
Linking C executable cmTC_0df58
/usr/bin/cmake -E cmake_link_script CMakeFiles/cmTC_0df58.dir/link.txt --verbose=1
/usr/bin/cc       CMakeFiles/cmTC_0df58.dir/CheckSymbolExists.c.o  -o cmTC_0df58 -rdynamic 
CMakeFiles/cmTC_0df58.dir/CheckSymbolExists.c.o: In function `main':
CheckSymbolExists.c:(.text+0x38): undefined reference to `pthread_create'
collect2: error: ld returned 1 exit status
CMakeFiles/cmTC_0df58.dir/build.make:97: recipe for target 'cmTC_0df58' failed
make[1]: *** [cmTC_0df58] Error 1
make[1]: Leaving directory '/home/pi/catkinws/build_isolated/orocos_kinematics_dynamics/CMakeFiles/CMakeTmp'
Makefile:126: recipe for target 'cmTC_0df58/fast' failed
make: *** [cmTC_0df58/fast] Error 2

File /home/pi/catkinws/build_isolated/orocos_kinematics_dynamics/CMakeFiles/CMakeTmp/CheckSymbolExists.c:
/* */
#include <pthread.h>

int main(int argc, char** argv)
{
  (void)argv;
#ifndef pthread_create
  return ((int*)(&pthread_create))[argc];
#else
  (void)argc;
  return 0;
#endif
}

Determining if the function pthread_create exists in the pthreads failed with the following output:
Change Dir: /home/pi/catkinws/build_isolated/orocos_kinematics_dynamics/CMakeFiles/CMakeTmp

Run Build Command:"/usr/bin/make" "cmTC_26f8a/fast"
/usr/bin/make -f CMakeFiles/cmTC_26f8a.dir/build.make CMakeFiles/cmTC_26f8a.dir/build
make[1]: Entering directory '/home/pi/catkinws/build_isolated/orocos_kinematics_dynamics/CMakeFiles/CMakeTmp'
Building C object CMakeFiles/cmTC_26f8a.dir/CheckFunctionExists.c.o
/usr/bin/cc    -DCHECK_FUNCTION_EXISTS=pthread_create   -o CMakeFiles/cmTC_26f8a.dir/CheckFunctionExists.c.o   -c /usr/share/cmake-3.6/Modules/CheckFunctionExists.c
Linking C executable cmTC_26f8a
/usr/bin/cmake -E cmake_link_script CMakeFiles/cmTC_26f8a.dir/link.txt --verbose=1
/usr/bin/cc   -DCHECK_FUNCTION_EXISTS=pthread_create    CMakeFiles/cmTC_26f8a.dir/CheckFunctionExists.c.o  -o cmTC_26f8a -rdynamic -lpthreads 
/usr/bin/ld: cannot find -lpthreads
collect2: error: ld returned 1 exit status
CMakeFiles/cmTC_26f8a.dir/build.make:97: recipe for target 'cmTC_26f8a' failed
make[1]: *** [cmTC_26f8a] Error 1
make[1]: Leaving directory '/home/pi/catkinws/build_isolated/orocos_kinematics_dynamics/CMakeFiles/CMakeTmp'
Makefile:126: recipe for target 'cmTC_26f8a/fast' failed
make: *** [cmTC_26f8a/fast] Error 2


