Determining if the pthread_create exist failed with the following output:
Change Dir: /home/pi/catkinws/build_isolated/vision_opencv/CMakeFiles/CMakeTmp

Run Build Command:"/usr/bin/make" "cmTC_ad28e/fast"
/usr/bin/make -f CMakeFiles/cmTC_ad28e.dir/build.make CMakeFiles/cmTC_ad28e.dir/build
make[1]: Entering directory '/home/pi/catkinws/build_isolated/vision_opencv/CMakeFiles/CMakeTmp'
Building C object CMakeFiles/cmTC_ad28e.dir/CheckSymbolExists.c.o
/usr/bin/cc     -o CMakeFiles/cmTC_ad28e.dir/CheckSymbolExists.c.o   -c /home/pi/catkinws/build_isolated/vision_opencv/CMakeFiles/CMakeTmp/CheckSymbolExists.c
Linking C executable cmTC_ad28e
/usr/bin/cmake -E cmake_link_script CMakeFiles/cmTC_ad28e.dir/link.txt --verbose=1
/usr/bin/cc       CMakeFiles/cmTC_ad28e.dir/CheckSymbolExists.c.o  -o cmTC_ad28e -rdynamic 
CMakeFiles/cmTC_ad28e.dir/CheckSymbolExists.c.o: In function `main':
CheckSymbolExists.c:(.text+0x38): undefined reference to `pthread_create'
collect2: error: ld returned 1 exit status
CMakeFiles/cmTC_ad28e.dir/build.make:97: recipe for target 'cmTC_ad28e' failed
make[1]: *** [cmTC_ad28e] Error 1
make[1]: Leaving directory '/home/pi/catkinws/build_isolated/vision_opencv/CMakeFiles/CMakeTmp'
Makefile:126: recipe for target 'cmTC_ad28e/fast' failed
make: *** [cmTC_ad28e/fast] Error 2

File /home/pi/catkinws/build_isolated/vision_opencv/CMakeFiles/CMakeTmp/CheckSymbolExists.c:
/* */
#include <pthread.h>

int main(int argc, char** argv)
{
  (void)argv;
#ifndef pthread_create
  return ((int*)(&pthread_create))[argc];
#else
  (void)argc;
  return 0;
#endif
}

Determining if the function pthread_create exists in the pthreads failed with the following output:
Change Dir: /home/pi/catkinws/build_isolated/vision_opencv/CMakeFiles/CMakeTmp

Run Build Command:"/usr/bin/make" "cmTC_5acfe/fast"
/usr/bin/make -f CMakeFiles/cmTC_5acfe.dir/build.make CMakeFiles/cmTC_5acfe.dir/build
make[1]: Entering directory '/home/pi/catkinws/build_isolated/vision_opencv/CMakeFiles/CMakeTmp'
Building C object CMakeFiles/cmTC_5acfe.dir/CheckFunctionExists.c.o
/usr/bin/cc    -DCHECK_FUNCTION_EXISTS=pthread_create   -o CMakeFiles/cmTC_5acfe.dir/CheckFunctionExists.c.o   -c /usr/share/cmake-3.6/Modules/CheckFunctionExists.c
Linking C executable cmTC_5acfe
/usr/bin/cmake -E cmake_link_script CMakeFiles/cmTC_5acfe.dir/link.txt --verbose=1
/usr/bin/cc   -DCHECK_FUNCTION_EXISTS=pthread_create    CMakeFiles/cmTC_5acfe.dir/CheckFunctionExists.c.o  -o cmTC_5acfe -rdynamic -lpthreads 
/usr/bin/ld: cannot find -lpthreads
collect2: error: ld returned 1 exit status
CMakeFiles/cmTC_5acfe.dir/build.make:97: recipe for target 'cmTC_5acfe' failed
make[1]: *** [cmTC_5acfe] Error 1
make[1]: Leaving directory '/home/pi/catkinws/build_isolated/vision_opencv/CMakeFiles/CMakeTmp'
Makefile:126: recipe for target 'cmTC_5acfe/fast' failed
make: *** [cmTC_5acfe/fast] Error 2


