Determining if the pthread_create exist failed with the following output:
Change Dir: /home/pi/catkinws/build_isolated/hector_geotiff_plugins/CMakeFiles/CMakeTmp

Run Build Command:"/usr/bin/make" "cmTC_cbf56/fast"
/usr/bin/make -f CMakeFiles/cmTC_cbf56.dir/build.make CMakeFiles/cmTC_cbf56.dir/build
make[1]: Entering directory '/home/pi/catkinws/build_isolated/hector_geotiff_plugins/CMakeFiles/CMakeTmp'
Building C object CMakeFiles/cmTC_cbf56.dir/CheckSymbolExists.c.o
/usr/bin/cc     -o CMakeFiles/cmTC_cbf56.dir/CheckSymbolExists.c.o   -c /home/pi/catkinws/build_isolated/hector_geotiff_plugins/CMakeFiles/CMakeTmp/CheckSymbolExists.c
Linking C executable cmTC_cbf56
/usr/bin/cmake -E cmake_link_script CMakeFiles/cmTC_cbf56.dir/link.txt --verbose=1
/usr/bin/cc       CMakeFiles/cmTC_cbf56.dir/CheckSymbolExists.c.o  -o cmTC_cbf56 -rdynamic 
CMakeFiles/cmTC_cbf56.dir/CheckSymbolExists.c.o: In function `main':
CheckSymbolExists.c:(.text+0x38): undefined reference to `pthread_create'
collect2: error: ld returned 1 exit status
CMakeFiles/cmTC_cbf56.dir/build.make:97: recipe for target 'cmTC_cbf56' failed
make[1]: *** [cmTC_cbf56] Error 1
make[1]: Leaving directory '/home/pi/catkinws/build_isolated/hector_geotiff_plugins/CMakeFiles/CMakeTmp'
Makefile:126: recipe for target 'cmTC_cbf56/fast' failed
make: *** [cmTC_cbf56/fast] Error 2

File /home/pi/catkinws/build_isolated/hector_geotiff_plugins/CMakeFiles/CMakeTmp/CheckSymbolExists.c:
/* */
#include <pthread.h>

int main(int argc, char** argv)
{
  (void)argv;
#ifndef pthread_create
  return ((int*)(&pthread_create))[argc];
#else
  (void)argc;
  return 0;
#endif
}

Determining if the function pthread_create exists in the pthreads failed with the following output:
Change Dir: /home/pi/catkinws/build_isolated/hector_geotiff_plugins/CMakeFiles/CMakeTmp

Run Build Command:"/usr/bin/make" "cmTC_74a79/fast"
/usr/bin/make -f CMakeFiles/cmTC_74a79.dir/build.make CMakeFiles/cmTC_74a79.dir/build
make[1]: Entering directory '/home/pi/catkinws/build_isolated/hector_geotiff_plugins/CMakeFiles/CMakeTmp'
Building C object CMakeFiles/cmTC_74a79.dir/CheckFunctionExists.c.o
/usr/bin/cc    -DCHECK_FUNCTION_EXISTS=pthread_create   -o CMakeFiles/cmTC_74a79.dir/CheckFunctionExists.c.o   -c /usr/share/cmake-3.6/Modules/CheckFunctionExists.c
Linking C executable cmTC_74a79
/usr/bin/cmake -E cmake_link_script CMakeFiles/cmTC_74a79.dir/link.txt --verbose=1
/usr/bin/cc   -DCHECK_FUNCTION_EXISTS=pthread_create    CMakeFiles/cmTC_74a79.dir/CheckFunctionExists.c.o  -o cmTC_74a79 -rdynamic -lpthreads 
/usr/bin/ld: cannot find -lpthreads
collect2: error: ld returned 1 exit status
CMakeFiles/cmTC_74a79.dir/build.make:97: recipe for target 'cmTC_74a79' failed
make[1]: *** [cmTC_74a79] Error 1
make[1]: Leaving directory '/home/pi/catkinws/build_isolated/hector_geotiff_plugins/CMakeFiles/CMakeTmp'
Makefile:126: recipe for target 'cmTC_74a79/fast' failed
make: *** [cmTC_74a79/fast] Error 2


