Determining if the pthread_create exist failed with the following output:
Change Dir: /home/pi/catkinws/build_isolated/serial/CMakeFiles/CMakeTmp

Run Build Command:"/usr/bin/make" "cmTC_cac9a/fast"
/usr/bin/make -f CMakeFiles/cmTC_cac9a.dir/build.make CMakeFiles/cmTC_cac9a.dir/build
make[1]: Entering directory '/home/pi/catkinws/build_isolated/serial/CMakeFiles/CMakeTmp'
Building C object CMakeFiles/cmTC_cac9a.dir/CheckSymbolExists.c.o
/usr/bin/cc     -o CMakeFiles/cmTC_cac9a.dir/CheckSymbolExists.c.o   -c /home/pi/catkinws/build_isolated/serial/CMakeFiles/CMakeTmp/CheckSymbolExists.c
Linking C executable cmTC_cac9a
/usr/bin/cmake -E cmake_link_script CMakeFiles/cmTC_cac9a.dir/link.txt --verbose=1
/usr/bin/cc       CMakeFiles/cmTC_cac9a.dir/CheckSymbolExists.c.o  -o cmTC_cac9a -rdynamic 
CMakeFiles/cmTC_cac9a.dir/CheckSymbolExists.c.o: In function `main':
CheckSymbolExists.c:(.text+0x38): undefined reference to `pthread_create'
collect2: error: ld returned 1 exit status
CMakeFiles/cmTC_cac9a.dir/build.make:97: recipe for target 'cmTC_cac9a' failed
make[1]: *** [cmTC_cac9a] Error 1
make[1]: Leaving directory '/home/pi/catkinws/build_isolated/serial/CMakeFiles/CMakeTmp'
Makefile:126: recipe for target 'cmTC_cac9a/fast' failed
make: *** [cmTC_cac9a/fast] Error 2

File /home/pi/catkinws/build_isolated/serial/CMakeFiles/CMakeTmp/CheckSymbolExists.c:
/* */
#include <pthread.h>

int main(int argc, char** argv)
{
  (void)argv;
#ifndef pthread_create
  return ((int*)(&pthread_create))[argc];
#else
  (void)argc;
  return 0;
#endif
}

Determining if the function pthread_create exists in the pthreads failed with the following output:
Change Dir: /home/pi/catkinws/build_isolated/serial/CMakeFiles/CMakeTmp

Run Build Command:"/usr/bin/make" "cmTC_21d8b/fast"
/usr/bin/make -f CMakeFiles/cmTC_21d8b.dir/build.make CMakeFiles/cmTC_21d8b.dir/build
make[1]: Entering directory '/home/pi/catkinws/build_isolated/serial/CMakeFiles/CMakeTmp'
Building C object CMakeFiles/cmTC_21d8b.dir/CheckFunctionExists.c.o
/usr/bin/cc    -DCHECK_FUNCTION_EXISTS=pthread_create   -o CMakeFiles/cmTC_21d8b.dir/CheckFunctionExists.c.o   -c /usr/share/cmake-3.6/Modules/CheckFunctionExists.c
Linking C executable cmTC_21d8b
/usr/bin/cmake -E cmake_link_script CMakeFiles/cmTC_21d8b.dir/link.txt --verbose=1
/usr/bin/cc   -DCHECK_FUNCTION_EXISTS=pthread_create    CMakeFiles/cmTC_21d8b.dir/CheckFunctionExists.c.o  -o cmTC_21d8b -rdynamic -lpthreads 
/usr/bin/ld: cannot find -lpthreads
collect2: error: ld returned 1 exit status
CMakeFiles/cmTC_21d8b.dir/build.make:97: recipe for target 'cmTC_21d8b' failed
make[1]: *** [cmTC_21d8b] Error 1
make[1]: Leaving directory '/home/pi/catkinws/build_isolated/serial/CMakeFiles/CMakeTmp'
Makefile:126: recipe for target 'cmTC_21d8b/fast' failed
make: *** [cmTC_21d8b/fast] Error 2


