Determining if the pthread_create exist failed with the following output:
Change Dir: /home/pi/catkinws/build_isolated/geometry/CMakeFiles/CMakeTmp

Run Build Command:"/usr/bin/make" "cmTC_4ceda/fast"
/usr/bin/make -f CMakeFiles/cmTC_4ceda.dir/build.make CMakeFiles/cmTC_4ceda.dir/build
make[1]: Entering directory '/home/pi/catkinws/build_isolated/geometry/CMakeFiles/CMakeTmp'
Building C object CMakeFiles/cmTC_4ceda.dir/CheckSymbolExists.c.o
/usr/bin/cc     -o CMakeFiles/cmTC_4ceda.dir/CheckSymbolExists.c.o   -c /home/pi/catkinws/build_isolated/geometry/CMakeFiles/CMakeTmp/CheckSymbolExists.c
Linking C executable cmTC_4ceda
/usr/bin/cmake -E cmake_link_script CMakeFiles/cmTC_4ceda.dir/link.txt --verbose=1
/usr/bin/cc       CMakeFiles/cmTC_4ceda.dir/CheckSymbolExists.c.o  -o cmTC_4ceda -rdynamic 
CMakeFiles/cmTC_4ceda.dir/CheckSymbolExists.c.o: In function `main':
CheckSymbolExists.c:(.text+0x38): undefined reference to `pthread_create'
collect2: error: ld returned 1 exit status
CMakeFiles/cmTC_4ceda.dir/build.make:97: recipe for target 'cmTC_4ceda' failed
make[1]: *** [cmTC_4ceda] Error 1
make[1]: Leaving directory '/home/pi/catkinws/build_isolated/geometry/CMakeFiles/CMakeTmp'
Makefile:126: recipe for target 'cmTC_4ceda/fast' failed
make: *** [cmTC_4ceda/fast] Error 2

File /home/pi/catkinws/build_isolated/geometry/CMakeFiles/CMakeTmp/CheckSymbolExists.c:
/* */
#include <pthread.h>

int main(int argc, char** argv)
{
  (void)argv;
#ifndef pthread_create
  return ((int*)(&pthread_create))[argc];
#else
  (void)argc;
  return 0;
#endif
}

Determining if the function pthread_create exists in the pthreads failed with the following output:
Change Dir: /home/pi/catkinws/build_isolated/geometry/CMakeFiles/CMakeTmp

Run Build Command:"/usr/bin/make" "cmTC_881d1/fast"
/usr/bin/make -f CMakeFiles/cmTC_881d1.dir/build.make CMakeFiles/cmTC_881d1.dir/build
make[1]: Entering directory '/home/pi/catkinws/build_isolated/geometry/CMakeFiles/CMakeTmp'
Building C object CMakeFiles/cmTC_881d1.dir/CheckFunctionExists.c.o
/usr/bin/cc    -DCHECK_FUNCTION_EXISTS=pthread_create   -o CMakeFiles/cmTC_881d1.dir/CheckFunctionExists.c.o   -c /usr/share/cmake-3.6/Modules/CheckFunctionExists.c
Linking C executable cmTC_881d1
/usr/bin/cmake -E cmake_link_script CMakeFiles/cmTC_881d1.dir/link.txt --verbose=1
/usr/bin/cc   -DCHECK_FUNCTION_EXISTS=pthread_create    CMakeFiles/cmTC_881d1.dir/CheckFunctionExists.c.o  -o cmTC_881d1 -rdynamic -lpthreads 
/usr/bin/ld: cannot find -lpthreads
collect2: error: ld returned 1 exit status
CMakeFiles/cmTC_881d1.dir/build.make:97: recipe for target 'cmTC_881d1' failed
make[1]: *** [cmTC_881d1] Error 1
make[1]: Leaving directory '/home/pi/catkinws/build_isolated/geometry/CMakeFiles/CMakeTmp'
Makefile:126: recipe for target 'cmTC_881d1/fast' failed
make: *** [cmTC_881d1/fast] Error 2


