Determining if the pthread_create exist failed with the following output:
Change Dir: /home/pi/catkinws/build_isolated/hector_imu_attitude_to_tf/CMakeFiles/CMakeTmp

Run Build Command:"/usr/bin/make" "cmTC_2d04c/fast"
/usr/bin/make -f CMakeFiles/cmTC_2d04c.dir/build.make CMakeFiles/cmTC_2d04c.dir/build
make[1]: Entering directory '/home/pi/catkinws/build_isolated/hector_imu_attitude_to_tf/CMakeFiles/CMakeTmp'
Building C object CMakeFiles/cmTC_2d04c.dir/CheckSymbolExists.c.o
/usr/bin/cc     -o CMakeFiles/cmTC_2d04c.dir/CheckSymbolExists.c.o   -c /home/pi/catkinws/build_isolated/hector_imu_attitude_to_tf/CMakeFiles/CMakeTmp/CheckSymbolExists.c
Linking C executable cmTC_2d04c
/usr/bin/cmake -E cmake_link_script CMakeFiles/cmTC_2d04c.dir/link.txt --verbose=1
/usr/bin/cc       CMakeFiles/cmTC_2d04c.dir/CheckSymbolExists.c.o  -o cmTC_2d04c -rdynamic 
CMakeFiles/cmTC_2d04c.dir/CheckSymbolExists.c.o: In function `main':
CheckSymbolExists.c:(.text+0x38): undefined reference to `pthread_create'
collect2: error: ld returned 1 exit status
CMakeFiles/cmTC_2d04c.dir/build.make:97: recipe for target 'cmTC_2d04c' failed
make[1]: *** [cmTC_2d04c] Error 1
make[1]: Leaving directory '/home/pi/catkinws/build_isolated/hector_imu_attitude_to_tf/CMakeFiles/CMakeTmp'
Makefile:126: recipe for target 'cmTC_2d04c/fast' failed
make: *** [cmTC_2d04c/fast] Error 2

File /home/pi/catkinws/build_isolated/hector_imu_attitude_to_tf/CMakeFiles/CMakeTmp/CheckSymbolExists.c:
/* */
#include <pthread.h>

int main(int argc, char** argv)
{
  (void)argv;
#ifndef pthread_create
  return ((int*)(&pthread_create))[argc];
#else
  (void)argc;
  return 0;
#endif
}

Determining if the function pthread_create exists in the pthreads failed with the following output:
Change Dir: /home/pi/catkinws/build_isolated/hector_imu_attitude_to_tf/CMakeFiles/CMakeTmp

Run Build Command:"/usr/bin/make" "cmTC_fe97a/fast"
/usr/bin/make -f CMakeFiles/cmTC_fe97a.dir/build.make CMakeFiles/cmTC_fe97a.dir/build
make[1]: Entering directory '/home/pi/catkinws/build_isolated/hector_imu_attitude_to_tf/CMakeFiles/CMakeTmp'
Building C object CMakeFiles/cmTC_fe97a.dir/CheckFunctionExists.c.o
/usr/bin/cc    -DCHECK_FUNCTION_EXISTS=pthread_create   -o CMakeFiles/cmTC_fe97a.dir/CheckFunctionExists.c.o   -c /usr/share/cmake-3.6/Modules/CheckFunctionExists.c
Linking C executable cmTC_fe97a
/usr/bin/cmake -E cmake_link_script CMakeFiles/cmTC_fe97a.dir/link.txt --verbose=1
/usr/bin/cc   -DCHECK_FUNCTION_EXISTS=pthread_create    CMakeFiles/cmTC_fe97a.dir/CheckFunctionExists.c.o  -o cmTC_fe97a -rdynamic -lpthreads 
/usr/bin/ld: cannot find -lpthreads
collect2: error: ld returned 1 exit status
CMakeFiles/cmTC_fe97a.dir/build.make:97: recipe for target 'cmTC_fe97a' failed
make[1]: *** [cmTC_fe97a] Error 1
make[1]: Leaving directory '/home/pi/catkinws/build_isolated/hector_imu_attitude_to_tf/CMakeFiles/CMakeTmp'
Makefile:126: recipe for target 'cmTC_fe97a/fast' failed
make: *** [cmTC_fe97a/fast] Error 2


