Determining if the pthread_create exist failed with the following output:
Change Dir: /home/pi/catkinws/build_isolated/hector_nav_msgs/CMakeFiles/CMakeTmp

Run Build Command:"/usr/bin/make" "cmTC_a9a75/fast"
/usr/bin/make -f CMakeFiles/cmTC_a9a75.dir/build.make CMakeFiles/cmTC_a9a75.dir/build
make[1]: Entering directory '/home/pi/catkinws/build_isolated/hector_nav_msgs/CMakeFiles/CMakeTmp'
Building C object CMakeFiles/cmTC_a9a75.dir/CheckSymbolExists.c.o
/usr/bin/cc     -o CMakeFiles/cmTC_a9a75.dir/CheckSymbolExists.c.o   -c /home/pi/catkinws/build_isolated/hector_nav_msgs/CMakeFiles/CMakeTmp/CheckSymbolExists.c
Linking C executable cmTC_a9a75
/usr/bin/cmake -E cmake_link_script CMakeFiles/cmTC_a9a75.dir/link.txt --verbose=1
/usr/bin/cc       CMakeFiles/cmTC_a9a75.dir/CheckSymbolExists.c.o  -o cmTC_a9a75 -rdynamic 
CMakeFiles/cmTC_a9a75.dir/CheckSymbolExists.c.o: In function `main':
CheckSymbolExists.c:(.text+0x38): undefined reference to `pthread_create'
collect2: error: ld returned 1 exit status
CMakeFiles/cmTC_a9a75.dir/build.make:97: recipe for target 'cmTC_a9a75' failed
make[1]: *** [cmTC_a9a75] Error 1
make[1]: Leaving directory '/home/pi/catkinws/build_isolated/hector_nav_msgs/CMakeFiles/CMakeTmp'
Makefile:126: recipe for target 'cmTC_a9a75/fast' failed
make: *** [cmTC_a9a75/fast] Error 2

File /home/pi/catkinws/build_isolated/hector_nav_msgs/CMakeFiles/CMakeTmp/CheckSymbolExists.c:
/* */
#include <pthread.h>

int main(int argc, char** argv)
{
  (void)argv;
#ifndef pthread_create
  return ((int*)(&pthread_create))[argc];
#else
  (void)argc;
  return 0;
#endif
}

Determining if the function pthread_create exists in the pthreads failed with the following output:
Change Dir: /home/pi/catkinws/build_isolated/hector_nav_msgs/CMakeFiles/CMakeTmp

Run Build Command:"/usr/bin/make" "cmTC_5aa7c/fast"
/usr/bin/make -f CMakeFiles/cmTC_5aa7c.dir/build.make CMakeFiles/cmTC_5aa7c.dir/build
make[1]: Entering directory '/home/pi/catkinws/build_isolated/hector_nav_msgs/CMakeFiles/CMakeTmp'
Building C object CMakeFiles/cmTC_5aa7c.dir/CheckFunctionExists.c.o
/usr/bin/cc    -DCHECK_FUNCTION_EXISTS=pthread_create   -o CMakeFiles/cmTC_5aa7c.dir/CheckFunctionExists.c.o   -c /usr/share/cmake-3.6/Modules/CheckFunctionExists.c
Linking C executable cmTC_5aa7c
/usr/bin/cmake -E cmake_link_script CMakeFiles/cmTC_5aa7c.dir/link.txt --verbose=1
/usr/bin/cc   -DCHECK_FUNCTION_EXISTS=pthread_create    CMakeFiles/cmTC_5aa7c.dir/CheckFunctionExists.c.o  -o cmTC_5aa7c -rdynamic -lpthreads 
/usr/bin/ld: cannot find -lpthreads
collect2: error: ld returned 1 exit status
CMakeFiles/cmTC_5aa7c.dir/build.make:97: recipe for target 'cmTC_5aa7c' failed
make[1]: *** [cmTC_5aa7c] Error 1
make[1]: Leaving directory '/home/pi/catkinws/build_isolated/hector_nav_msgs/CMakeFiles/CMakeTmp'
Makefile:126: recipe for target 'cmTC_5aa7c/fast' failed
make: *** [cmTC_5aa7c/fast] Error 2


