Determining if the pthread_create exist failed with the following output:
Change Dir: /home/pi/catkinws/build_isolated/tf_conversions/CMakeFiles/CMakeTmp

Run Build Command:"/usr/bin/make" "cmTC_c2b65/fast"
/usr/bin/make -f CMakeFiles/cmTC_c2b65.dir/build.make CMakeFiles/cmTC_c2b65.dir/build
make[1]: Entering directory '/home/pi/catkinws/build_isolated/tf_conversions/CMakeFiles/CMakeTmp'
Building C object CMakeFiles/cmTC_c2b65.dir/CheckSymbolExists.c.o
/usr/bin/cc     -o CMakeFiles/cmTC_c2b65.dir/CheckSymbolExists.c.o   -c /home/pi/catkinws/build_isolated/tf_conversions/CMakeFiles/CMakeTmp/CheckSymbolExists.c
Linking C executable cmTC_c2b65
/usr/bin/cmake -E cmake_link_script CMakeFiles/cmTC_c2b65.dir/link.txt --verbose=1
/usr/bin/cc       CMakeFiles/cmTC_c2b65.dir/CheckSymbolExists.c.o  -o cmTC_c2b65 -rdynamic 
CMakeFiles/cmTC_c2b65.dir/CheckSymbolExists.c.o: In function `main':
CheckSymbolExists.c:(.text+0x38): undefined reference to `pthread_create'
collect2: error: ld returned 1 exit status
CMakeFiles/cmTC_c2b65.dir/build.make:97: recipe for target 'cmTC_c2b65' failed
make[1]: *** [cmTC_c2b65] Error 1
make[1]: Leaving directory '/home/pi/catkinws/build_isolated/tf_conversions/CMakeFiles/CMakeTmp'
Makefile:126: recipe for target 'cmTC_c2b65/fast' failed
make: *** [cmTC_c2b65/fast] Error 2

File /home/pi/catkinws/build_isolated/tf_conversions/CMakeFiles/CMakeTmp/CheckSymbolExists.c:
/* */
#include <pthread.h>

int main(int argc, char** argv)
{
  (void)argv;
#ifndef pthread_create
  return ((int*)(&pthread_create))[argc];
#else
  (void)argc;
  return 0;
#endif
}

Determining if the function pthread_create exists in the pthreads failed with the following output:
Change Dir: /home/pi/catkinws/build_isolated/tf_conversions/CMakeFiles/CMakeTmp

Run Build Command:"/usr/bin/make" "cmTC_c89ec/fast"
/usr/bin/make -f CMakeFiles/cmTC_c89ec.dir/build.make CMakeFiles/cmTC_c89ec.dir/build
make[1]: Entering directory '/home/pi/catkinws/build_isolated/tf_conversions/CMakeFiles/CMakeTmp'
Building C object CMakeFiles/cmTC_c89ec.dir/CheckFunctionExists.c.o
/usr/bin/cc    -DCHECK_FUNCTION_EXISTS=pthread_create   -o CMakeFiles/cmTC_c89ec.dir/CheckFunctionExists.c.o   -c /usr/share/cmake-3.6/Modules/CheckFunctionExists.c
Linking C executable cmTC_c89ec
/usr/bin/cmake -E cmake_link_script CMakeFiles/cmTC_c89ec.dir/link.txt --verbose=1
/usr/bin/cc   -DCHECK_FUNCTION_EXISTS=pthread_create    CMakeFiles/cmTC_c89ec.dir/CheckFunctionExists.c.o  -o cmTC_c89ec -rdynamic -lpthreads 
/usr/bin/ld: cannot find -lpthreads
collect2: error: ld returned 1 exit status
CMakeFiles/cmTC_c89ec.dir/build.make:97: recipe for target 'cmTC_c89ec' failed
make[1]: *** [cmTC_c89ec] Error 1
make[1]: Leaving directory '/home/pi/catkinws/build_isolated/tf_conversions/CMakeFiles/CMakeTmp'
Makefile:126: recipe for target 'cmTC_c89ec/fast' failed
make: *** [cmTC_c89ec/fast] Error 2


