Determining if the pthread_create exist failed with the following output:
Change Dir: /home/pi/catkinws/build_isolated/hector_map_tools/CMakeFiles/CMakeTmp

Run Build Command:"/usr/bin/make" "cmTC_36266/fast"
/usr/bin/make -f CMakeFiles/cmTC_36266.dir/build.make CMakeFiles/cmTC_36266.dir/build
make[1]: Entering directory '/home/pi/catkinws/build_isolated/hector_map_tools/CMakeFiles/CMakeTmp'
Building C object CMakeFiles/cmTC_36266.dir/CheckSymbolExists.c.o
/usr/bin/cc     -o CMakeFiles/cmTC_36266.dir/CheckSymbolExists.c.o   -c /home/pi/catkinws/build_isolated/hector_map_tools/CMakeFiles/CMakeTmp/CheckSymbolExists.c
Linking C executable cmTC_36266
/usr/bin/cmake -E cmake_link_script CMakeFiles/cmTC_36266.dir/link.txt --verbose=1
/usr/bin/cc       CMakeFiles/cmTC_36266.dir/CheckSymbolExists.c.o  -o cmTC_36266 -rdynamic 
CMakeFiles/cmTC_36266.dir/CheckSymbolExists.c.o: In function `main':
CheckSymbolExists.c:(.text+0x38): undefined reference to `pthread_create'
collect2: error: ld returned 1 exit status
CMakeFiles/cmTC_36266.dir/build.make:97: recipe for target 'cmTC_36266' failed
make[1]: *** [cmTC_36266] Error 1
make[1]: Leaving directory '/home/pi/catkinws/build_isolated/hector_map_tools/CMakeFiles/CMakeTmp'
Makefile:126: recipe for target 'cmTC_36266/fast' failed
make: *** [cmTC_36266/fast] Error 2

File /home/pi/catkinws/build_isolated/hector_map_tools/CMakeFiles/CMakeTmp/CheckSymbolExists.c:
/* */
#include <pthread.h>

int main(int argc, char** argv)
{
  (void)argv;
#ifndef pthread_create
  return ((int*)(&pthread_create))[argc];
#else
  (void)argc;
  return 0;
#endif
}

Determining if the function pthread_create exists in the pthreads failed with the following output:
Change Dir: /home/pi/catkinws/build_isolated/hector_map_tools/CMakeFiles/CMakeTmp

Run Build Command:"/usr/bin/make" "cmTC_bab8b/fast"
/usr/bin/make -f CMakeFiles/cmTC_bab8b.dir/build.make CMakeFiles/cmTC_bab8b.dir/build
make[1]: Entering directory '/home/pi/catkinws/build_isolated/hector_map_tools/CMakeFiles/CMakeTmp'
Building C object CMakeFiles/cmTC_bab8b.dir/CheckFunctionExists.c.o
/usr/bin/cc    -DCHECK_FUNCTION_EXISTS=pthread_create   -o CMakeFiles/cmTC_bab8b.dir/CheckFunctionExists.c.o   -c /usr/share/cmake-3.6/Modules/CheckFunctionExists.c
Linking C executable cmTC_bab8b
/usr/bin/cmake -E cmake_link_script CMakeFiles/cmTC_bab8b.dir/link.txt --verbose=1
/usr/bin/cc   -DCHECK_FUNCTION_EXISTS=pthread_create    CMakeFiles/cmTC_bab8b.dir/CheckFunctionExists.c.o  -o cmTC_bab8b -rdynamic -lpthreads 
/usr/bin/ld: cannot find -lpthreads
collect2: error: ld returned 1 exit status
CMakeFiles/cmTC_bab8b.dir/build.make:97: recipe for target 'cmTC_bab8b' failed
make[1]: *** [cmTC_bab8b] Error 1
make[1]: Leaving directory '/home/pi/catkinws/build_isolated/hector_map_tools/CMakeFiles/CMakeTmp'
Makefile:126: recipe for target 'cmTC_bab8b/fast' failed
make: *** [cmTC_bab8b/fast] Error 2


