Determining if the pthread_create exist failed with the following output:
Change Dir: /home/pi/catkinws/build_isolated/hector_marker_drawing/CMakeFiles/CMakeTmp

Run Build Command:"/usr/bin/make" "cmTC_c3e87/fast"
/usr/bin/make -f CMakeFiles/cmTC_c3e87.dir/build.make CMakeFiles/cmTC_c3e87.dir/build
make[1]: Entering directory '/home/pi/catkinws/build_isolated/hector_marker_drawing/CMakeFiles/CMakeTmp'
Building C object CMakeFiles/cmTC_c3e87.dir/CheckSymbolExists.c.o
/usr/bin/cc     -o CMakeFiles/cmTC_c3e87.dir/CheckSymbolExists.c.o   -c /home/pi/catkinws/build_isolated/hector_marker_drawing/CMakeFiles/CMakeTmp/CheckSymbolExists.c
Linking C executable cmTC_c3e87
/usr/bin/cmake -E cmake_link_script CMakeFiles/cmTC_c3e87.dir/link.txt --verbose=1
/usr/bin/cc       CMakeFiles/cmTC_c3e87.dir/CheckSymbolExists.c.o  -o cmTC_c3e87 -rdynamic 
CMakeFiles/cmTC_c3e87.dir/CheckSymbolExists.c.o: In function `main':
CheckSymbolExists.c:(.text+0x38): undefined reference to `pthread_create'
collect2: error: ld returned 1 exit status
CMakeFiles/cmTC_c3e87.dir/build.make:97: recipe for target 'cmTC_c3e87' failed
make[1]: *** [cmTC_c3e87] Error 1
make[1]: Leaving directory '/home/pi/catkinws/build_isolated/hector_marker_drawing/CMakeFiles/CMakeTmp'
Makefile:126: recipe for target 'cmTC_c3e87/fast' failed
make: *** [cmTC_c3e87/fast] Error 2

File /home/pi/catkinws/build_isolated/hector_marker_drawing/CMakeFiles/CMakeTmp/CheckSymbolExists.c:
/* */
#include <pthread.h>

int main(int argc, char** argv)
{
  (void)argv;
#ifndef pthread_create
  return ((int*)(&pthread_create))[argc];
#else
  (void)argc;
  return 0;
#endif
}

Determining if the function pthread_create exists in the pthreads failed with the following output:
Change Dir: /home/pi/catkinws/build_isolated/hector_marker_drawing/CMakeFiles/CMakeTmp

Run Build Command:"/usr/bin/make" "cmTC_98b71/fast"
/usr/bin/make -f CMakeFiles/cmTC_98b71.dir/build.make CMakeFiles/cmTC_98b71.dir/build
make[1]: Entering directory '/home/pi/catkinws/build_isolated/hector_marker_drawing/CMakeFiles/CMakeTmp'
Building C object CMakeFiles/cmTC_98b71.dir/CheckFunctionExists.c.o
/usr/bin/cc    -DCHECK_FUNCTION_EXISTS=pthread_create   -o CMakeFiles/cmTC_98b71.dir/CheckFunctionExists.c.o   -c /usr/share/cmake-3.6/Modules/CheckFunctionExists.c
Linking C executable cmTC_98b71
/usr/bin/cmake -E cmake_link_script CMakeFiles/cmTC_98b71.dir/link.txt --verbose=1
/usr/bin/cc   -DCHECK_FUNCTION_EXISTS=pthread_create    CMakeFiles/cmTC_98b71.dir/CheckFunctionExists.c.o  -o cmTC_98b71 -rdynamic -lpthreads 
/usr/bin/ld: cannot find -lpthreads
collect2: error: ld returned 1 exit status
CMakeFiles/cmTC_98b71.dir/build.make:97: recipe for target 'cmTC_98b71' failed
make[1]: *** [cmTC_98b71] Error 1
make[1]: Leaving directory '/home/pi/catkinws/build_isolated/hector_marker_drawing/CMakeFiles/CMakeTmp'
Makefile:126: recipe for target 'cmTC_98b71/fast' failed
make: *** [cmTC_98b71/fast] Error 2


